<!DOCTYPE html PUBLIC "-//W3C//DTD XHTML 1.1//EN" "http://www.w3.org/TR/xhtml11/DTD/xhtml11.dtd">
<html xmlns="http://www.w3.org/1999/xhtml">
<head>
<meta charset='utf-8'>
<title>TestNG Report</title>
<style type="text/css">
table {margin-bottom:10px;border-collapse:collapse;empty-cells:show}
td,th {border:1px solid #009;padding:.25em .5em}
.result th {vertical-align:bottom}
.param th {padding-left:1em;padding-right:1em}
.param td {padding-left:.5em;padding-right:2em}
.stripe td,.stripe th {background-color: #E6EBF9}
.numi,.numi_attn {text-align:right}
.total td {font-weight:bold}
.passedodd td {background-color: #0A0}
.passedeven td {background-color: #3F3}
.skippedodd td {background-color: #CCC}
.skippedodd td {background-color: #DDD}
.failedodd td,.numi_attn {background-color: #F33}
.failedeven td,.stripe .numi_attn {background-color: #D00}
.stacktrace {white-space:pre;font-family:monospace}
.totop {font-size:85%;text-align:center;border-bottom:2px solid #000}
</style>
</head>
<body>
<table cellspacing="0" cellpadding="0" class="testOverview">
<tr><th>Test</th><th>Methods<br/>Passed</th><th>Scenarios<br/>Passed</th><th># skipped</th><th># failed</th><th>Total<br/>Time</th><th>Included<br/>Groups</th><th>Excluded<br/>Groups</th></tr>
<tr><td style="text-align:left;padding-right:2em"><a href="#t1">Smoke Test</a></td><td class="numi">6</td><td class="numi">6</td><td class="numi_attn">2</td><td class="numi">0</td><td class="numi">6.1 seconds</td><td class="numi">smoke </td><td class="numi"></td></tr>
</table>
<table cellspacing="0" cellpadding="0" class="methodOverview" id="summary">
<tr><th>Class</th><th>Method</th><th># of<br/>Scenarios</th><th>Start</th><th>Time<br/>(ms)</th></tr>
<tr id="t1"><th colspan="5">Smoke Test &#8212; failed (configuration methods)</th></tr>
<tr class="failedodd"><td rowspan="2">com.syntax.class1.LoginTest</td><td><a href="#m1"><b>openAndNavigate</b>  </a></td><td class="numi">1</td><td>1609014680032</td><td class="numi">2</td></tr><tr class="failedodd"><td><a href="#m2"><b>closeBrowser</b>  </a></td><td class="numi">1</td><td>1609014680057</td><td class="numi">0</td></tr>
<tr class="failedeven"><td rowspan="2">com.syntax.class2.HW</td><td><a href="#m3"><b>openAndNavigate</b>  </a></td><td class="numi">1</td><td>1609014680077</td><td class="numi">2</td></tr><tr class="failedeven"><td><a href="#m4"><b>closeBrowser</b>  </a></td><td class="numi">1</td><td>1609014680080</td><td class="numi">1</td></tr>
<tr><th colspan="5">Smoke Test &#8212; skipped</th></tr>
<tr class="skippedodd"><td>com.syntax.class1.LoginTest</td><td><a href="#m5"><b>validAdminLogin</b> (smoke) </a></td><td class="numi">1</td><td>1609014680050</td><td class="numi">0</td></tr>
<tr class="skippedeven"><td>com.syntax.class2.HW</td><td><a href="#m6"><b>invalidCredentials</b> (smoke) </a></td><td class="numi">1</td><td>1609014680080</td><td class="numi">0</td></tr>
<tr><th colspan="5">Smoke Test &#8212; passed</th></tr>
<tr class="passedodd"><td rowspan="2">com.syntax.class1.TestNGIntro</td><td><a href="#m7"><b>anotherMethod</b> (smoke) </a></td><td class="numi">1</td><td>1609014674041</td><td class="numi">2</td></tr><tr class="passedodd"><td><a href="#m8"><b>hello</b> (smoke) </a></td><td class="numi">1</td><td>1609014674059</td><td class="numi">1</td></tr>
<tr class="passedeven"><td rowspan="2">com.syntax.class2.DependOnDemo</td><td><a href="#m9"><b>login</b> (smoke) </a></td><td class="numi">1</td><td>1609014674062</td><td class="numi">9</td></tr><tr class="passedeven"><td><a href="#m10"><b>addEmployee</b> (smoke) </a></td><td class="numi">1</td><td>1609014674073</td><td class="numi">0</td></tr>
<tr class="passedodd"><td>com.syntax.class1.TestNGIntro</td><td><a href="#m11"><b>sayBye</b> (smoke) </a></td><td class="numi">1</td><td>1609014674075</td><td class="numi">1</td></tr>
<tr class="passedeven"><td>com.syntax.class3.SoftAssertionModified</td><td><a href="#m12"><b>simpleTest</b> (smoke, sprint2) </a></td><td class="numi">1</td><td>1609014679163</td><td class="numi">3</td></tr>
</table>
<h1>Smoke Test</h1>
<h2 id="m1">com.syntax.class2.HW:openAndNavigate</h2>
<div>
<div class="stacktrace">java.lang.IllegalStateException: The driver executable does not exist: C:\Users\User\eclipse-workspace\JuliaSyntax8\production\JuliaSyntax8\TestNG\drivers\chromedriver
	at com.google.common.base.Preconditions.checkState(Preconditions.java:585)
	at org.openqa.selenium.remote.service.DriverService.checkExecutable(DriverService.java:146)
	at org.openqa.selenium.remote.service.DriverService.findExecutable(DriverService.java:141)
	at org.openqa.selenium.chrome.ChromeDriverService.access$000(ChromeDriverService.java:35)
	at org.openqa.selenium.chrome.ChromeDriverService$Builder.findDefaultExecutable(ChromeDriverService.java:159)
	at org.openqa.selenium.remote.service.DriverService$Builder.build(DriverService.java:355)
	at org.openqa.selenium.chrome.ChromeDriverService.createDefaultService(ChromeDriverService.java:94)
	at org.openqa.selenium.chrome.ChromeDriver.&lt;init&gt;(ChromeDriver.java:123)
	at com.syntax.class2.HW.openAndNavigate(HW.java:20)
	at java.util.ArrayList.forEach(ArrayList.java:1259)
	at com.intellij.rt.testng.IDEARemoteTestNG.run(IDEARemoteTestNG.java:66)
	at com.intellij.rt.testng.RemoteTestNGStarter.main(RemoteTestNGStarter.java:109)
... Removed 28 stack frames</div>
</div>
<p class="totop"><a href="#summary">back to summary</a></p>
<h2 id="m2">com.syntax.class2.HW:closeBrowser</h2>
<div>
<div class="stacktrace">java.lang.NullPointerException
	at com.syntax.class2.HW.closeBrowser(HW.java:58)
	at java.util.ArrayList.forEach(ArrayList.java:1259)
	at com.intellij.rt.testng.IDEARemoteTestNG.run(IDEARemoteTestNG.java:66)
	at com.intellij.rt.testng.RemoteTestNGStarter.main(RemoteTestNGStarter.java:109)
... Removed 29 stack frames</div>
</div>
<p class="totop"><a href="#summary">back to summary</a></p>
<h2 id="m3">com.syntax.class1.LoginTest:openAndNavigate</h2>
<div>
<div class="stacktrace">java.lang.IllegalStateException: The driver executable does not exist: C:\Users\User\eclipse-workspace\JuliaSyntax8\production\JuliaSyntax8\TestNG\drivers\chromedriver
	at com.google.common.base.Preconditions.checkState(Preconditions.java:585)
	at org.openqa.selenium.remote.service.DriverService.checkExecutable(DriverService.java:146)
	at org.openqa.selenium.remote.service.DriverService.findExecutable(DriverService.java:141)
	at org.openqa.selenium.chrome.ChromeDriverService.access$000(ChromeDriverService.java:35)
	at org.openqa.selenium.chrome.ChromeDriverService$Builder.findDefaultExecutable(ChromeDriverService.java:159)
	at org.openqa.selenium.remote.service.DriverService$Builder.build(DriverService.java:355)
	at org.openqa.selenium.chrome.ChromeDriverService.createDefaultService(ChromeDriverService.java:94)
	at org.openqa.selenium.chrome.ChromeDriver.&lt;init&gt;(ChromeDriver.java:123)
	at com.syntax.class1.LoginTest.openAndNavigate(LoginTest.java:20)
	at java.util.ArrayList.forEach(ArrayList.java:1259)
	at com.intellij.rt.testng.IDEARemoteTestNG.run(IDEARemoteTestNG.java:66)
	at com.intellij.rt.testng.RemoteTestNGStarter.main(RemoteTestNGStarter.java:109)
... Removed 28 stack frames</div>
</div>
<p class="totop"><a href="#summary">back to summary</a></p>
<h2 id="m4">com.syntax.class1.LoginTest:closeBrowser</h2>
<div>
<div class="stacktrace">java.lang.NullPointerException
	at com.syntax.class1.LoginTest.closeBrowser(LoginTest.java:53)
	at java.util.ArrayList.forEach(ArrayList.java:1259)
	at com.intellij.rt.testng.IDEARemoteTestNG.run(IDEARemoteTestNG.java:66)
	at com.intellij.rt.testng.RemoteTestNGStarter.main(RemoteTestNGStarter.java:109)
... Removed 29 stack frames</div>
</div>
<p class="totop"><a href="#summary">back to summary</a></p>
<h2 id="m5">com.syntax.class2.HW:invalidCredentials</h2>
<div>
<div class="stacktrace">java.lang.IllegalStateException: The driver executable does not exist: C:\Users\User\eclipse-workspace\JuliaSyntax8\production\JuliaSyntax8\TestNG\drivers\chromedriver
	at com.google.common.base.Preconditions.checkState(Preconditions.java:585)
	at org.openqa.selenium.remote.service.DriverService.checkExecutable(DriverService.java:146)
	at org.openqa.selenium.remote.service.DriverService.findExecutable(DriverService.java:141)
	at org.openqa.selenium.chrome.ChromeDriverService.access$000(ChromeDriverService.java:35)
	at org.openqa.selenium.chrome.ChromeDriverService$Builder.findDefaultExecutable(ChromeDriverService.java:159)
	at org.openqa.selenium.remote.service.DriverService$Builder.build(DriverService.java:355)
	at org.openqa.selenium.chrome.ChromeDriverService.createDefaultService(ChromeDriverService.java:94)
	at org.openqa.selenium.chrome.ChromeDriver.&lt;init&gt;(ChromeDriver.java:123)
	at com.syntax.class2.HW.openAndNavigate(HW.java:20)
	at java.util.ArrayList.forEach(ArrayList.java:1259)
	at com.intellij.rt.testng.IDEARemoteTestNG.run(IDEARemoteTestNG.java:66)
	at com.intellij.rt.testng.RemoteTestNGStarter.main(RemoteTestNGStarter.java:109)
... Removed 28 stack frames</div>
</div>
<p class="totop"><a href="#summary">back to summary</a></p>
<h2 id="m6">com.syntax.class1.LoginTest:validAdminLogin</h2>
<div>
<div class="stacktrace">java.lang.IllegalStateException: The driver executable does not exist: C:\Users\User\eclipse-workspace\JuliaSyntax8\production\JuliaSyntax8\TestNG\drivers\chromedriver
	at com.google.common.base.Preconditions.checkState(Preconditions.java:585)
	at org.openqa.selenium.remote.service.DriverService.checkExecutable(DriverService.java:146)
	at org.openqa.selenium.remote.service.DriverService.findExecutable(DriverService.java:141)
	at org.openqa.selenium.chrome.ChromeDriverService.access$000(ChromeDriverService.java:35)
	at org.openqa.selenium.chrome.ChromeDriverService$Builder.findDefaultExecutable(ChromeDriverService.java:159)
	at org.openqa.selenium.remote.service.DriverService$Builder.build(DriverService.java:355)
	at org.openqa.selenium.chrome.ChromeDriverService.createDefaultService(ChromeDriverService.java:94)
	at org.openqa.selenium.chrome.ChromeDriver.&lt;init&gt;(ChromeDriver.java:123)
	at com.syntax.class1.LoginTest.openAndNavigate(LoginTest.java:20)
	at java.util.ArrayList.forEach(ArrayList.java:1259)
	at com.intellij.rt.testng.IDEARemoteTestNG.run(IDEARemoteTestNG.java:66)
	at com.intellij.rt.testng.RemoteTestNGStarter.main(RemoteTestNGStarter.java:109)
... Removed 28 stack frames</div>
</div>
<p class="totop"><a href="#summary">back to summary</a></p>
<h2 id="m7">com.syntax.class1.TestNGIntro:sayBye</h2>
<p class="totop"><a href="#summary">back to summary</a></p>
<h2 id="m8">com.syntax.class2.DependOnDemo:login</h2>
<p class="totop"><a href="#summary">back to summary</a></p>
<h2 id="m9">com.syntax.class1.TestNGIntro:hello</h2>
<p class="totop"><a href="#summary">back to summary</a></p>
<h2 id="m10">com.syntax.class1.TestNGIntro:anotherMethod</h2>
<p class="totop"><a href="#summary">back to summary</a></p>
<h2 id="m11">com.syntax.class2.DependOnDemo:addEmployee</h2>
<p class="totop"><a href="#summary">back to summary</a></p>
<h2 id="m12">com.syntax.class3.SoftAssertionModified:simpleTest</h2>
<p class="totop"><a href="#summary">back to summary</a></p>
</body></html>
